17:20:35: Creating resource group General
17:20:35: Creating resource group OgreInternal
17:20:35: Creating resource group OgreAutodetect
17:20:35: Registering ResourceManager for type Material
17:20:35: Registering ResourceManager for type Skeleton
17:20:35: Registering ResourceManager for type Mesh
17:20:35: MeshSerializer writing mesh data to stream ...
17:20:35: File header written.
17:20:35: Writing mesh data...
17:20:35: Writing submesh...
17:20:35: Exporting submesh texture aliases...
17:20:35: Submesh texture aliases exported.
17:20:35: Submesh exported.
17:20:35: Writing submesh...
17:20:35: Exporting submesh texture aliases...
17:20:35: Submesh texture aliases exported.
17:20:35: Submesh exported.
17:20:35: Writing submesh...
17:20:35: Exporting submesh texture aliases...
17:20:35: Submesh texture aliases exported.
17:20:35: Submesh exported.
17:20:35: Writing submesh...
17:20:35: Exporting submesh texture aliases...
17:20:35: Submesh texture aliases exported.
17:20:35: Submesh exported.
17:20:35: Exporting LOD information....
17:20:35: LOD information exported.
17:20:35: Exporting bounds information....
17:20:35: Bounds information exported.
17:20:35: Exporting submesh name table...
17:20:35: Submesh name table exported.
17:20:35: Exporting edge lists...
17:20:35: Edge lists exported
17:20:35: Mesh data exported.
17:20:35: MeshSerializer export successful.
17:20:35: Unregistering ResourceManager for type Mesh
17:20:35: Unregistering ResourceManager for type Skeleton
17:20:35: Unregistering ResourceManager for type Material
